2026-06-22 11:24:18 | [20260622_112418] | INFO | config | Loaded custom ingestion configuration from /home/lakshay/Archon AI/configs/ingestion_config.json
2026-06-22 11:24:18 | [20260622_112418] | INFO | config | Loaded custom ingestion configuration from /home/lakshay/Archon AI/configs/ingestion_config.json
2026-06-22 11:24:18 | [20260622_112418] | INFO | language_detector | Language detection: Matched Dockerfile name heuristic for 'Dockerfile'. Language: dockerfile
2026-06-22 11:24:18 | [20260622_112418] | INFO | language_detector | Language detection: Matched Makefile name heuristic for 'Makefile'. Language: makefile
2026-06-22 11:24:18 | [20260622_112418] | INFO | language_detector | Language detection: Matched Cargo.toml name heuristic for 'Cargo.toml'. Language: toml
2026-06-22 11:24:18 | [20260622_112418] | INFO | language_detector | Language detection: Pygments matched lexer via filename for 'main.py'. Language: python
2026-06-22 11:24:18 | [20260622_112418] | INFO | language_detector | Language detection: Pygments matched lexer via filename for 'helper.c'. Language: c
2026-06-22 11:24:18 | [20260622_112418] | INFO | language_detector | Language detection: Pygments matched lexer via filename for 'core.cpp'. Language: cpp
2026-06-22 11:24:18 | [20260622_112418] | INFO | language_detector | Language detection: Pygments matched lexer via filename for 'lib.rs'. Language: rust
2026-06-22 11:24:18 | [20260622_112418] | INFO | language_detector | Language detection: Pygments matched lexer via filename for 'App.java'. Language: java
2026-06-22 11:24:18 | [20260622_112418] | INFO | language_detector | Language detection: Pygments matched lexer via filename for 'app.js'. Language: javascript
2026-06-22 11:24:18 | [20260622_112418] | INFO | language_detector | Language detection: Pygments matched lexer via filename for 'index.ts'. Language: typescript
2026-06-22 11:24:18 | [20260622_112418] | INFO | language_detector | Language detection: Matched standard text metadata name heuristic for 'LICENSE'. Language: text
2026-06-22 11:24:18 | [20260622_112418] | INFO | parser | Parsing repository 'mock-universal-repo' recursively at '/tmp/pytest-of-lakshay/pytest-2/test_parsing_and_chunking0/mock-universal-repo'...
2026-06-22 11:24:18 | [20260622_112418] | INFO | language_detector | Language detection: Pygments matched lexer via filename for 'large_file.txt'. Language: text
2026-06-22 11:24:18 | [20260622_112418] | INFO | parser | File accepted: '/tmp/pytest-of-lakshay/pytest-2/test_parsing_and_chunking0/mock-universal-repo/large_file.txt' (Detected language: text)
2026-06-22 11:24:18 | [20260622_112418] | INFO | parser | File 'large_file.txt' size (2097252 bytes) exceeds limit (1048576 bytes). Splitting into 1MB chunks...
2026-06-22 11:24:18 | [20260622_112418] | INFO | parser | Record generated: 'large_file.txt' [chunk 1/3]
2026-06-22 11:24:18 | [20260622_112418] | INFO | parser | Record generated: 'large_file.txt' [chunk 2/3]
2026-06-22 11:24:18 | [20260622_112418] | INFO | parser | Record generated: 'large_file.txt' [chunk 3/3]
2026-06-22 11:24:18 | [20260622_112418] | INFO | language_detector | Language detection: Matched standard text metadata name heuristic for 'LICENSE'. Language: text
2026-06-22 11:24:18 | [20260622_112418] | INFO | parser | File accepted: '/tmp/pytest-of-lakshay/pytest-2/test_parsing_and_chunking0/mock-universal-repo/LICENSE' (Detected language: text)
2026-06-22 11:24:18 | [20260622_112418] | INFO | parser | Record generated: 'LICENSE'
2026-06-22 11:24:18 | [20260622_112418] | INFO | language_detector | Language detection: Pygments matched lexer via filename for 'README.md'. Language: markdown
2026-06-22 11:24:18 | [20260622_112418] | INFO | parser | File accepted: '/tmp/pytest-of-lakshay/pytest-2/test_parsing_and_chunking0/mock-universal-repo/README.md' (Detected language: markdown)
2026-06-22 11:24:18 | [20260622_112418] | INFO | parser | Record generated: 'README.md'
2026-06-22 11:24:18 | [20260622_112418] | INFO | language_detector | Language detection: Matched Makefile name heuristic for 'Makefile'. Language: makefile
2026-06-22 11:24:18 | [20260622_112418] | INFO | parser | File accepted: '/tmp/pytest-of-lakshay/pytest-2/test_parsing_and_chunking0/mock-universal-repo/Makefile' (Detected language: makefile)
2026-06-22 11:24:18 | [20260622_112418] | INFO | parser | Record generated: 'Makefile'
2026-06-22 11:24:18 | [20260622_112418] | INFO | language_detector | Language detection: Matched Dockerfile name heuristic for 'Dockerfile'. Language: dockerfile
2026-06-22 11:24:18 | [20260622_112418] | INFO | parser | File accepted: '/tmp/pytest-of-lakshay/pytest-2/test_parsing_and_chunking0/mock-universal-repo/Dockerfile' (Detected language: dockerfile)
2026-06-22 11:24:18 | [20260622_112418] | INFO | parser | Record generated: 'Dockerfile'
2026-06-22 11:24:18 | [20260622_112418] | INFO | language_detector | Language detection: Pygments matched lexer via filename for 'index.ts'. Language: typescript
2026-06-22 11:24:18 | [20260622_112418] | INFO | parser | File accepted: '/tmp/pytest-of-lakshay/pytest-2/test_parsing_and_chunking0/mock-universal-repo/frontend/index.ts' (Detected language: typescript)
2026-06-22 11:24:18 | [20260622_112418] | INFO | parser | Record generated: 'frontend/index.ts'
2026-06-22 11:24:18 | [20260622_112418] | INFO | language_detector | Language detection: Pygments matched lexer via filename for 'app.js'. Language: javascript
2026-06-22 11:24:18 | [20260622_112418] | INFO | parser | File accepted: '/tmp/pytest-of-lakshay/pytest-2/test_parsing_and_chunking0/mock-universal-repo/frontend/app.js' (Detected language: javascript)
2026-06-22 11:24:18 | [20260622_112418] | INFO | parser | Record generated: 'frontend/app.js'
2026-06-22 11:24:18 | [20260622_112418] | INFO | language_detector | Language detection: Matched Cargo.toml name heuristic for 'Cargo.toml'. Language: toml
2026-06-22 11:24:18 | [20260622_112418] | INFO | parser | File accepted: '/tmp/pytest-of-lakshay/pytest-2/test_parsing_and_chunking0/mock-universal-repo/rust-module/Cargo.toml' (Detected language: toml)
2026-06-22 11:24:18 | [20260622_112418] | INFO | parser | Record generated: 'rust-module/Cargo.toml'
2026-06-22 11:24:18 | [20260622_112418] | INFO | parser | File skipped: '/tmp/pytest-of-lakshay/pytest-2/test_parsing_and_chunking0/mock-universal-repo/src/logo.png' is classified as a binary file.
2026-06-22 11:24:18 | [20260622_112418] | INFO | parser | File skipped: '/tmp/pytest-of-lakshay/pytest-2/test_parsing_and_chunking0/mock-universal-repo/src/App.class' is classified as a binary file.
2026-06-22 11:24:18 | [20260622_112418] | INFO | language_detector | Language detection: Pygments matched lexer via filename for 'App.java'. Language: java
2026-06-22 11:24:18 | [20260622_112418] | INFO | parser | File accepted: '/tmp/pytest-of-lakshay/pytest-2/test_parsing_and_chunking0/mock-universal-repo/src/App.java' (Detected language: java)
2026-06-22 11:24:18 | [20260622_112418] | INFO | parser | Record generated: 'src/App.java'
2026-06-22 11:24:18 | [20260622_112418] | INFO | parser | File skipped: '/tmp/pytest-of-lakshay/pytest-2/test_parsing_and_chunking0/mock-universal-repo/src/helper.o' is classified as a binary file.
2026-06-22 11:24:18 | [20260622_112418] | INFO | language_detector | Language detection: Pygments matched lexer via filename for 'core.cpp'. Language: cpp
2026-06-22 11:24:18 | [20260622_112418] | INFO | parser | File accepted: '/tmp/pytest-of-lakshay/pytest-2/test_parsing_and_chunking0/mock-universal-repo/src/core.cpp' (Detected language: cpp)
2026-06-22 11:24:18 | [20260622_112418] | INFO | parser | Record generated: 'src/core.cpp'
2026-06-22 11:24:18 | [20260622_112418] | INFO | language_detector | Language detection: Pygments matched lexer via filename for 'helper.c'. Language: c
2026-06-22 11:24:18 | [20260622_112418] | INFO | parser | File accepted: '/tmp/pytest-of-lakshay/pytest-2/test_parsing_and_chunking0/mock-universal-repo/src/helper.c' (Detected language: c)
2026-06-22 11:24:18 | [20260622_112418] | INFO | parser | Record generated: 'src/helper.c'
2026-06-22 11:24:18 | [20260622_112418] | INFO | language_detector | Language detection: Pygments matched lexer via filename for 'main.py'. Language: python
2026-06-22 11:24:18 | [20260622_112418] | INFO | parser | File accepted: '/tmp/pytest-of-lakshay/pytest-2/test_parsing_and_chunking0/mock-universal-repo/src/main.py' (Detected language: python)
2026-06-22 11:24:18 | [20260622_112418] | INFO | parser | Record generated: 'src/main.py'
2026-06-22 11:24:18 | [20260622_112418] | INFO | language_detector | Language detection: Pygments matched lexer via filename for 'lib.rs'. Language: rust
2026-06-22 11:24:18 | [20260622_112418] | INFO | parser | File accepted: '/tmp/pytest-of-lakshay/pytest-2/test_parsing_and_chunking0/mock-universal-repo/rust-module/src/lib.rs' (Detected language: rust)
2026-06-22 11:24:18 | [20260622_112418] | INFO | parser | Record generated: 'rust-module/src/lib.rs'
2026-06-22 11:30:29 | [20260622_113029] | INFO | main | Universal ingestion pipeline started. Session ID: [SESSION_ID=20260622_113029]
2026-06-22 11:30:29 | [20260622_113029] | INFO | config | Loaded custom ingestion configuration from /home/lakshay/Archon AI/configs/ingestion_config.json
2026-06-22 11:30:29 | [20260622_113029] | INFO | main | Selected repository: 'Middle-Men' from URL: 'https://github.com/Lakshay1221-apple/Middle-Men.git'
2026-06-22 11:30:29 | [20260622_113029] | INFO | clone_repo | Directory /home/lakshay/Archon AI/data/repositories/Middle-Men already exists. Verifying Git repository status.
2026-06-22 11:30:29 | [20260622_113029] | INFO | clone_repo | Valid Git repository found. Pulling latest changes from URL: https://github.com/Lakshay1221-apple/Middle-Men.git
2026-06-22 11:30:40 | [20260622_113029] | ERROR | clone_repo | Failed to update existing repository via pull: Cmd('git') failed due to: exit code(1)
  cmdline: git pull -v -- origin
  stderr: 'fatal: could not read Username for 'https://github.com': No such device or address'. Re-cloning...
Traceback (most recent call last):
  File "/home/lakshay/Archon AI/src/ingestion/clone_repo.py", line 77, in clone_repository
    origin.pull()
    ~~~~~~~~~~~^^
  File "/home/lakshay/Archon AI/.venv/lib/python3.14/site-packages/git/remote.py", line 1130, in pull
    res = self._get_fetch_info_from_stderr(proc, progress, kill_after_timeout=kill_after_timeout)
  File "/home/lakshay/Archon AI/.venv/lib/python3.14/site-packages/git/remote.py", line 902, in _get_fetch_info_from_stderr
    proc.wait(stderr=stderr_text)
    ~~~~~~~~~^^^^^^^^^^^^^^^^^^^^
  File "/home/lakshay/Archon AI/.venv/lib/python3.14/site-packages/git/cmd.py", line 423, in wait
    raise GitCommandError(remove_password_if_present(self.args), status, errstr)
git.exc.GitCommandError: Cmd('git') failed due to: exit code(1)
  cmdline: git pull -v -- origin
  stderr: 'fatal: could not read Username for 'https://github.com': No such device or address'
2026-06-22 11:30:40 | [20260622_113029] | INFO | clone_repo | Cloning repository from https://github.com/Lakshay1221-apple/Middle-Men.git into /home/lakshay/Archon AI/data/repositories/Middle-Men...
2026-06-22 11:30:50 | [20260622_113029] | ERROR | clone_repo | Failed to clone repository from https://github.com/Lakshay1221-apple/Middle-Men.git: Cmd('git') failed due to: exit code(128)
  cmdline: git clone -v -- https://github.com/Lakshay1221-apple/Middle-Men.git /home/lakshay/Archon AI/data/repositories/Middle-Men
  stderr: 'Cloning into '/home/lakshay/Archon AI/data/repositories/Middle-Men'...
fatal: could not read Username for 'https://github.com': No such device or address
'
Traceback (most recent call last):
  File "/home/lakshay/Archon AI/src/ingestion/clone_repo.py", line 100, in clone_repository
    git.Repo.clone_from(repo_url, dest_dir)
    ~~~~~~~~~~~~~~~~~~~^^^^^^^^^^^^^^^^^^^^
  File "/home/lakshay/Archon AI/.venv/lib/python3.14/site-packages/git/repo/base.py", line 1568, in clone_from
    return cls._clone(
           ~~~~~~~~~~^
        git,
        ^^^^
    ...<7 lines>...
        **kwargs,
        ^^^^^^^^^
    )
    ^
  File "/home/lakshay/Archon AI/.venv/lib/python3.14/site-packages/git/repo/base.py", line 1439, in _clone
    finalize_process(proc, stderr=stderr)
    ~~~~~~~~~~~~~~~~^^^^^^^^^^^^^^^^^^^^^
  File "/home/lakshay/Archon AI/.venv/lib/python3.14/site-packages/git/util.py", line 512, in finalize_process
    proc.wait(**kwargs)
    ~~~~~~~~~^^^^^^^^^^
  File "/home/lakshay/Archon AI/.venv/lib/python3.14/site-packages/git/cmd.py", line 423, in wait
    raise GitCommandError(remove_password_if_present(self.args), status, errstr)
git.exc.GitCommandError: Cmd('git') failed due to: exit code(128)
  cmdline: git clone -v -- https://github.com/Lakshay1221-apple/Middle-Men.git /home/lakshay/Archon AI/data/repositories/Middle-Men
  stderr: 'Cloning into '/home/lakshay/Archon AI/data/repositories/Middle-Men'...
fatal: could not read Username for 'https://github.com': No such device or address
'
2026-06-22 11:30:50 | [20260622_113029] | ERROR | main | Pipeline failed in session 20260622_113029: Cmd('git') failed due to: exit code(128)
  cmdline: git clone -v -- https://github.com/Lakshay1221-apple/Middle-Men.git /home/lakshay/Archon AI/data/repositories/Middle-Men
  stderr: 'Cloning into '/home/lakshay/Archon AI/data/repositories/Middle-Men'...
fatal: could not read Username for 'https://github.com': No such device or address
'
Traceback (most recent call last):
  File "/home/lakshay/Archon AI/main.py", line 49, in main
    local_path = clone_repository(args.repo_url)
  File "/home/lakshay/Archon AI/src/ingestion/clone_repo.py", line 100, in clone_repository
    git.Repo.clone_from(repo_url, dest_dir)
    ~~~~~~~~~~~~~~~~~~~^^^^^^^^^^^^^^^^^^^^
  File "/home/lakshay/Archon AI/.venv/lib/python3.14/site-packages/git/repo/base.py", line 1568, in clone_from
    return cls._clone(
           ~~~~~~~~~~^
        git,
        ^^^^
    ...<7 lines>...
        **kwargs,
        ^^^^^^^^^
    )
    ^
  File "/home/lakshay/Archon AI/.venv/lib/python3.14/site-packages/git/repo/base.py", line 1439, in _clone
    finalize_process(proc, stderr=stderr)
    ~~~~~~~~~~~~~~~~^^^^^^^^^^^^^^^^^^^^^
  File "/home/lakshay/Archon AI/.venv/lib/python3.14/site-packages/git/util.py", line 512, in finalize_process
    proc.wait(**kwargs)
    ~~~~~~~~~^^^^^^^^^^
  File "/home/lakshay/Archon AI/.venv/lib/python3.14/site-packages/git/cmd.py", line 423, in wait
    raise GitCommandError(remove_password_if_present(self.args), status, errstr)
git.exc.GitCommandError: Cmd('git') failed due to: exit code(128)
  cmdline: git clone -v -- https://github.com/Lakshay1221-apple/Middle-Men.git /home/lakshay/Archon AI/data/repositories/Middle-Men
  stderr: 'Cloning into '/home/lakshay/Archon AI/data/repositories/Middle-Men'...
fatal: could not read Username for 'https://github.com': No such device or address
'
2026-06-22 11:36:19 | [20260622_113618] | INFO | config | Loaded custom ingestion configuration from /home/lakshay/Archon AI/configs/ingestion_config.json
2026-06-22 11:36:19 | [20260622_113618] | INFO | config | Loaded custom ingestion configuration from /home/lakshay/Archon AI/configs/ingestion_config.json
2026-06-22 11:36:19 | [20260622_113618] | INFO | language_detector | Language detection: Matched Dockerfile name heuristic for 'Dockerfile'. Language: dockerfile
2026-06-22 11:36:19 | [20260622_113618] | INFO | language_detector | Language detection: Matched Makefile name heuristic for 'Makefile'. Language: makefile
2026-06-22 11:36:19 | [20260622_113618] | INFO | language_detector | Language detection: Matched Cargo.toml name heuristic for 'Cargo.toml'. Language: toml
2026-06-22 11:36:19 | [20260622_113618] | INFO | language_detector | Language detection: Pygments matched lexer via filename for 'main.py'. Language: python
2026-06-22 11:36:19 | [20260622_113618] | INFO | language_detector | Language detection: Pygments matched lexer via filename for 'helper.c'. Language: c
2026-06-22 11:36:19 | [20260622_113618] | INFO | language_detector | Language detection: Pygments matched lexer via filename for 'core.cpp'. Language: cpp
2026-06-22 11:36:19 | [20260622_113618] | INFO | language_detector | Language detection: Pygments matched lexer via filename for 'lib.rs'. Language: rust
2026-06-22 11:36:19 | [20260622_113618] | INFO | language_detector | Language detection: Pygments matched lexer via filename for 'App.java'. Language: java
2026-06-22 11:36:19 | [20260622_113618] | INFO | language_detector | Language detection: Pygments matched lexer via filename for 'app.js'. Language: javascript
2026-06-22 11:36:19 | [20260622_113618] | INFO | language_detector | Language detection: Pygments matched lexer via filename for 'index.ts'. Language: typescript
2026-06-22 11:36:19 | [20260622_113618] | INFO | language_detector | Language detection: Matched standard text metadata name heuristic for 'LICENSE'. Language: text
2026-06-22 11:36:19 | [20260622_113618] | INFO | parser | Parsing repository 'mock-universal-repo' recursively at '/tmp/pytest-of-lakshay/pytest-3/test_parsing_and_chunking0/mock-universal-repo'...
2026-06-22 11:36:19 | [20260622_113618] | INFO | language_detector | Language detection: Pygments matched lexer via filename for 'large_file.txt'. Language: text
2026-06-22 11:36:19 | [20260622_113618] | INFO | parser | File accepted: '/tmp/pytest-of-lakshay/pytest-3/test_parsing_and_chunking0/mock-universal-repo/large_file.txt' (Detected language: text)
2026-06-22 11:36:19 | [20260622_113618] | INFO | parser | File 'large_file.txt' size (2097252 bytes) exceeds limit (1048576 bytes). Splitting into 1MB chunks...
2026-06-22 11:36:19 | [20260622_113618] | INFO | parser | Record generated: 'large_file.txt' [chunk 1/3]
2026-06-22 11:36:19 | [20260622_113618] | INFO | parser | Record generated: 'large_file.txt' [chunk 2/3]
2026-06-22 11:36:19 | [20260622_113618] | INFO | parser | Record generated: 'large_file.txt' [chunk 3/3]
2026-06-22 11:36:19 | [20260622_113618] | INFO | language_detector | Language detection: Matched standard text metadata name heuristic for 'LICENSE'. Language: text
2026-06-22 11:36:19 | [20260622_113618] | INFO | parser | File accepted: '/tmp/pytest-of-lakshay/pytest-3/test_parsing_and_chunking0/mock-universal-repo/LICENSE' (Detected language: text)
2026-06-22 11:36:19 | [20260622_113618] | INFO | parser | Record generated: 'LICENSE'
2026-06-22 11:36:19 | [20260622_113618] | INFO | language_detector | Language detection: Pygments matched lexer via filename for 'README.md'. Language: markdown
2026-06-22 11:36:19 | [20260622_113618] | INFO | parser | File accepted: '/tmp/pytest-of-lakshay/pytest-3/test_parsing_and_chunking0/mock-universal-repo/README.md' (Detected language: markdown)
2026-06-22 11:36:19 | [20260622_113618] | INFO | parser | Record generated: 'README.md'
2026-06-22 11:36:19 | [20260622_113618] | INFO | language_detector | Language detection: Matched Makefile name heuristic for 'Makefile'. Language: makefile
2026-06-22 11:36:19 | [20260622_113618] | INFO | parser | File accepted: '/tmp/pytest-of-lakshay/pytest-3/test_parsing_and_chunking0/mock-universal-repo/Makefile' (Detected language: makefile)
2026-06-22 11:36:19 | [20260622_113618] | INFO | parser | Record generated: 'Makefile'
2026-06-22 11:36:19 | [20260622_113618] | INFO | language_detector | Language detection: Matched Dockerfile name heuristic for 'Dockerfile'. Language: dockerfile
2026-06-22 11:36:19 | [20260622_113618] | INFO | parser | File accepted: '/tmp/pytest-of-lakshay/pytest-3/test_parsing_and_chunking0/mock-universal-repo/Dockerfile' (Detected language: dockerfile)
2026-06-22 11:36:19 | [20260622_113618] | INFO | parser | Record generated: 'Dockerfile'
2026-06-22 11:36:19 | [20260622_113618] | INFO | language_detector | Language detection: Pygments matched lexer via filename for 'index.ts'. Language: typescript
2026-06-22 11:36:19 | [20260622_113618] | INFO | parser | File accepted: '/tmp/pytest-of-lakshay/pytest-3/test_parsing_and_chunking0/mock-universal-repo/frontend/index.ts' (Detected language: typescript)
2026-06-22 11:36:19 | [20260622_113618] | INFO | parser | Record generated: 'frontend/index.ts'
2026-06-22 11:36:19 | [20260622_113618] | INFO | language_detector | Language detection: Pygments matched lexer via filename for 'app.js'. Language: javascript
2026-06-22 11:36:19 | [20260622_113618] | INFO | parser | File accepted: '/tmp/pytest-of-lakshay/pytest-3/test_parsing_and_chunking0/mock-universal-repo/frontend/app.js' (Detected language: javascript)
2026-06-22 11:36:19 | [20260622_113618] | INFO | parser | Record generated: 'frontend/app.js'
2026-06-22 11:36:19 | [20260622_113618] | INFO | language_detector | Language detection: Matched Cargo.toml name heuristic for 'Cargo.toml'. Language: toml
2026-06-22 11:36:19 | [20260622_113618] | INFO | parser | File accepted: '/tmp/pytest-of-lakshay/pytest-3/test_parsing_and_chunking0/mock-universal-repo/rust-module/Cargo.toml' (Detected language: toml)
2026-06-22 11:36:19 | [20260622_113618] | INFO | parser | Record generated: 'rust-module/Cargo.toml'
2026-06-22 11:36:19 | [20260622_113618] | INFO | parser | File skipped: '/tmp/pytest-of-lakshay/pytest-3/test_parsing_and_chunking0/mock-universal-repo/src/logo.png' is classified as a binary file.
2026-06-22 11:36:19 | [20260622_113618] | INFO | parser | File skipped: '/tmp/pytest-of-lakshay/pytest-3/test_parsing_and_chunking0/mock-universal-repo/src/App.class' is classified as a binary file.
2026-06-22 11:36:19 | [20260622_113618] | INFO | language_detector | Language detection: Pygments matched lexer via filename for 'App.java'. Language: java
2026-06-22 11:36:19 | [20260622_113618] | INFO | parser | File accepted: '/tmp/pytest-of-lakshay/pytest-3/test_parsing_and_chunking0/mock-universal-repo/src/App.java' (Detected language: java)
2026-06-22 11:36:19 | [20260622_113618] | INFO | parser | Record generated: 'src/App.java'
2026-06-22 11:36:19 | [20260622_113618] | INFO | parser | File skipped: '/tmp/pytest-of-lakshay/pytest-3/test_parsing_and_chunking0/mock-universal-repo/src/helper.o' is classified as a binary file.
2026-06-22 11:36:19 | [20260622_113618] | INFO | language_detector | Language detection: Pygments matched lexer via filename for 'core.cpp'. Language: cpp
2026-06-22 11:36:19 | [20260622_113618] | INFO | parser | File accepted: '/tmp/pytest-of-lakshay/pytest-3/test_parsing_and_chunking0/mock-universal-repo/src/core.cpp' (Detected language: cpp)
2026-06-22 11:36:19 | [20260622_113618] | INFO | parser | Record generated: 'src/core.cpp'
2026-06-22 11:36:19 | [20260622_113618] | INFO | language_detector | Language detection: Pygments matched lexer via filename for 'helper.c'. Language: c
2026-06-22 11:36:19 | [20260622_113618] | INFO | parser | File accepted: '/tmp/pytest-of-lakshay/pytest-3/test_parsing_and_chunking0/mock-universal-repo/src/helper.c' (Detected language: c)
2026-06-22 11:36:19 | [20260622_113618] | INFO | parser | Record generated: 'src/helper.c'
2026-06-22 11:36:19 | [20260622_113618] | INFO | language_detector | Language detection: Pygments matched lexer via filename for 'main.py'. Language: python
2026-06-22 11:36:19 | [20260622_113618] | INFO | parser | File accepted: '/tmp/pytest-of-lakshay/pytest-3/test_parsing_and_chunking0/mock-universal-repo/src/main.py' (Detected language: python)
2026-06-22 11:36:19 | [20260622_113618] | INFO | parser | Record generated: 'src/main.py'
2026-06-22 11:36:19 | [20260622_113618] | INFO | language_detector | Language detection: Pygments matched lexer via filename for 'lib.rs'. Language: rust
2026-06-22 11:36:19 | [20260622_113618] | INFO | parser | File accepted: '/tmp/pytest-of-lakshay/pytest-3/test_parsing_and_chunking0/mock-universal-repo/rust-module/src/lib.rs' (Detected language: rust)
2026-06-22 11:36:19 | [20260622_113618] | INFO | parser | Record generated: 'rust-module/src/lib.rs'
