2026-06-22 11:30:29 | [20260622_113029] | INFO | clone_repo | Directory /home/lakshay/Archon AI/data/repositories/Middle-Men already exists. Verifying Git repository status.
2026-06-22 11:30:29 | [20260622_113029] | INFO | clone_repo | Valid Git repository found. Pulling latest changes from URL: https://github.com/Lakshay1221-apple/Middle-Men.git
2026-06-22 11:30:40 | [20260622_113029] | ERROR | clone_repo | Failed to update existing repository via pull: Cmd('git') failed due to: exit code(1)
  cmdline: git pull -v -- origin
  stderr: 'fatal: could not read Username for 'https://github.com': No such device or address'. Re-cloning...
Traceback (most recent call last):
  File "/home/lakshay/Archon AI/src/ingestion/clone_repo.py", line 77, in clone_repository
    origin.pull()
    ~~~~~~~~~~~^^
  File "/home/lakshay/Archon AI/.venv/lib/python3.14/site-packages/git/remote.py", line 1130, in pull
    res = self._get_fetch_info_from_stderr(proc, progress, kill_after_timeout=kill_after_timeout)
  File "/home/lakshay/Archon AI/.venv/lib/python3.14/site-packages/git/remote.py", line 902, in _get_fetch_info_from_stderr
    proc.wait(stderr=stderr_text)
    ~~~~~~~~~^^^^^^^^^^^^^^^^^^^^
  File "/home/lakshay/Archon AI/.venv/lib/python3.14/site-packages/git/cmd.py", line 423, in wait
    raise GitCommandError(remove_password_if_present(self.args), status, errstr)
git.exc.GitCommandError: Cmd('git') failed due to: exit code(1)
  cmdline: git pull -v -- origin
  stderr: 'fatal: could not read Username for 'https://github.com': No such device or address'
2026-06-22 11:30:40 | [20260622_113029] | INFO | clone_repo | Cloning repository from https://github.com/Lakshay1221-apple/Middle-Men.git into /home/lakshay/Archon AI/data/repositories/Middle-Men...
2026-06-22 11:30:50 | [20260622_113029] | ERROR | clone_repo | Failed to clone repository from https://github.com/Lakshay1221-apple/Middle-Men.git: Cmd('git') failed due to: exit code(128)
  cmdline: git clone -v -- https://github.com/Lakshay1221-apple/Middle-Men.git /home/lakshay/Archon AI/data/repositories/Middle-Men
  stderr: 'Cloning into '/home/lakshay/Archon AI/data/repositories/Middle-Men'...
fatal: could not read Username for 'https://github.com': No such device or address
'
Traceback (most recent call last):
  File "/home/lakshay/Archon AI/src/ingestion/clone_repo.py", line 100, in clone_repository
    git.Repo.clone_from(repo_url, dest_dir)
    ~~~~~~~~~~~~~~~~~~~^^^^^^^^^^^^^^^^^^^^
  File "/home/lakshay/Archon AI/.venv/lib/python3.14/site-packages/git/repo/base.py", line 1568, in clone_from
    return cls._clone(
           ~~~~~~~~~~^
        git,
        ^^^^
    ...<7 lines>...
        **kwargs,
        ^^^^^^^^^
    )
    ^
  File "/home/lakshay/Archon AI/.venv/lib/python3.14/site-packages/git/repo/base.py", line 1439, in _clone
    finalize_process(proc, stderr=stderr)
    ~~~~~~~~~~~~~~~~^^^^^^^^^^^^^^^^^^^^^
  File "/home/lakshay/Archon AI/.venv/lib/python3.14/site-packages/git/util.py", line 512, in finalize_process
    proc.wait(**kwargs)
    ~~~~~~~~~^^^^^^^^^^
  File "/home/lakshay/Archon AI/.venv/lib/python3.14/site-packages/git/cmd.py", line 423, in wait
    raise GitCommandError(remove_password_if_present(self.args), status, errstr)
git.exc.GitCommandError: Cmd('git') failed due to: exit code(128)
  cmdline: git clone -v -- https://github.com/Lakshay1221-apple/Middle-Men.git /home/lakshay/Archon AI/data/repositories/Middle-Men
  stderr: 'Cloning into '/home/lakshay/Archon AI/data/repositories/Middle-Men'...
fatal: could not read Username for 'https://github.com': No such device or address
'
2026-06-22 14:18:25 | [20260622_141825] | INFO | clone_repo | Directory /home/lakshay/Archon AI/data/repositories/smac-extension already exists. Verifying Git repository status.
2026-06-22 14:18:25 | [20260622_141825] | INFO | clone_repo | Valid Git repository found. Pulling latest changes from URL: https://github.com/Lakshay1221-apple/smac-extension.git
2026-06-22 14:18:36 | [20260622_141825] | INFO | clone_repo | Successfully pulled latest changes.
2026-06-22 15:01:23 | [20260622_150123] | INFO | clone_repo | Directory /home/lakshay/Archon AI/data/repositories/smac-extension already exists. Verifying Git repository status.
2026-06-22 15:01:23 | [20260622_150123] | INFO | clone_repo | Valid Git repository found. Pulling latest changes from URL: https://github.com/Lakshay1221-apple/smac-extension.git
2026-06-22 15:01:34 | [20260622_150123] | INFO | clone_repo | Successfully pulled latest changes.
2026-06-23 23:32:51 | [20260623_233250] | INFO | clone_repo | Cloning repository from /home/lakshay/Archon AI into /home/lakshay/Archon AI/data/repositories/Archon AI...
2026-06-23 23:32:51 | [20260623_233250] | INFO | clone_repo | Successfully cloned repository into /home/lakshay/Archon AI/data/repositories/Archon AI.
2026-06-27 21:07:15 | [20260627_210715] | INFO | clone_repo | Cloning repository from https://github.com/Lakshay1221-apple/Archon.AI-.git into /home/lakshay/Archon AI/data/repositories/Archon.AI-...
2026-06-27 21:07:51 | [20260627_210715] | INFO | clone_repo | Successfully cloned repository into /home/lakshay/Archon AI/data/repositories/Archon.AI-.
2026-06-27 21:10:03 | [20260627_211003] | INFO | clone_repo | Directory /home/lakshay/Archon AI/data/repositories/Archon.AI- already exists. Verifying Git repository status.
2026-06-27 21:10:03 | [20260627_211003] | INFO | clone_repo | Valid Git repository found. Pulling latest changes from URL: https://github.com/Lakshay1221-apple/Archon.AI-.git
2026-06-27 21:10:14 | [20260627_211003] | INFO | clone_repo | Successfully pulled latest changes.
2026-06-27 21:42:27 | [20260627_214227] | INFO | clone_repo | Directory /home/lakshay/Archon AI/data/repositories/mock-repo-a already exists. Verifying Git repository status.
2026-06-27 21:42:27 | [20260627_214227] | WARNING | clone_repo | Repository at /home/lakshay/Archon AI/data/repositories/mock-repo-a is invalid or bare. Re-cloning...
2026-06-27 21:42:27 | [20260627_214227] | INFO | clone_repo | Cloning repository from /home/lakshay/Archon AI/data/repositories/mock-repo-a into /home/lakshay/Archon AI/data/repositories/mock-repo-a...
2026-06-27 21:42:27 | [20260627_214227] | ERROR | clone_repo | Failed to clone repository from /home/lakshay/Archon AI/data/repositories/mock-repo-a: Cmd('git') failed due to: exit code(128)
  cmdline: git clone -v -- /home/lakshay/Archon AI/data/repositories/mock-repo-a /home/lakshay/Archon AI/data/repositories/mock-repo-a
  stderr: 'fatal: destination path '/home/lakshay/Archon AI/data/repositories/mock-repo-a' already exists and is not an empty directory.
'
Traceback (most recent call last):
  File "/home/lakshay/Archon AI/src/ingestion/clone_repo.py", line 104, in clone_repository
    git.Repo.clone_from(repo_url, dest_dir)
    ~~~~~~~~~~~~~~~~~~~^^^^^^^^^^^^^^^^^^^^
  File "/home/lakshay/Archon AI/.venv/lib/python3.14/site-packages/git/repo/base.py", line 1568, in clone_from
    return cls._clone(
           ~~~~~~~~~~^
        git,
        ^^^^
    ...<7 lines>...
        **kwargs,
        ^^^^^^^^^
    )
    ^
  File "/home/lakshay/Archon AI/.venv/lib/python3.14/site-packages/git/repo/base.py", line 1439, in _clone
    finalize_process(proc, stderr=stderr)
    ~~~~~~~~~~~~~~~~^^^^^^^^^^^^^^^^^^^^^
  File "/home/lakshay/Archon AI/.venv/lib/python3.14/site-packages/git/util.py", line 512, in finalize_process
    proc.wait(**kwargs)
    ~~~~~~~~~^^^^^^^^^^
  File "/home/lakshay/Archon AI/.venv/lib/python3.14/site-packages/git/cmd.py", line 423, in wait
    raise GitCommandError(remove_password_if_present(self.args), status, errstr)
git.exc.GitCommandError: Cmd('git') failed due to: exit code(128)
  cmdline: git clone -v -- /home/lakshay/Archon AI/data/repositories/mock-repo-a /home/lakshay/Archon AI/data/repositories/mock-repo-a
  stderr: 'fatal: destination path '/home/lakshay/Archon AI/data/repositories/mock-repo-a' already exists and is not an empty directory.
'
2026-06-27 21:42:51 | [20260627_214251] | INFO | clone_repo | Cloning repository from /tmp/mock-repo-a into /home/lakshay/Archon AI/data/repositories/mock-repo-a...
2026-06-27 21:42:51 | [20260627_214251] | INFO | clone_repo | Successfully cloned repository into /home/lakshay/Archon AI/data/repositories/mock-repo-a.
2026-06-27 21:42:51 | [20260627_214251] | INFO | clone_repo | Directory /home/lakshay/Archon AI/data/repositories/mock-repo-b already exists. Verifying Git repository status.
2026-06-27 21:42:51 | [20260627_214251] | WARNING | clone_repo | Repository at /home/lakshay/Archon AI/data/repositories/mock-repo-b is invalid or bare. Re-cloning...
2026-06-27 21:42:51 | [20260627_214251] | INFO | clone_repo | Cloning repository from /tmp/mock-repo-b into /home/lakshay/Archon AI/data/repositories/mock-repo-b...
2026-06-27 21:42:51 | [20260627_214251] | ERROR | clone_repo | Failed to clone repository from /tmp/mock-repo-b: Cmd('git') failed due to: exit code(128)
  cmdline: git clone -v -- /tmp/mock-repo-b /home/lakshay/Archon AI/data/repositories/mock-repo-b
  stderr: 'fatal: destination path '/home/lakshay/Archon AI/data/repositories/mock-repo-b' already exists and is not an empty directory.
'
Traceback (most recent call last):
  File "/home/lakshay/Archon AI/src/ingestion/clone_repo.py", line 104, in clone_repository
    git.Repo.clone_from(repo_url, dest_dir)
    ~~~~~~~~~~~~~~~~~~~^^^^^^^^^^^^^^^^^^^^
  File "/home/lakshay/Archon AI/.venv/lib/python3.14/site-packages/git/repo/base.py", line 1568, in clone_from
    return cls._clone(
           ~~~~~~~~~~^
        git,
        ^^^^
    ...<7 lines>...
        **kwargs,
        ^^^^^^^^^
    )
    ^
  File "/home/lakshay/Archon AI/.venv/lib/python3.14/site-packages/git/repo/base.py", line 1439, in _clone
    finalize_process(proc, stderr=stderr)
    ~~~~~~~~~~~~~~~~^^^^^^^^^^^^^^^^^^^^^
  File "/home/lakshay/Archon AI/.venv/lib/python3.14/site-packages/git/util.py", line 512, in finalize_process
    proc.wait(**kwargs)
    ~~~~~~~~~^^^^^^^^^^
  File "/home/lakshay/Archon AI/.venv/lib/python3.14/site-packages/git/cmd.py", line 423, in wait
    raise GitCommandError(remove_password_if_present(self.args), status, errstr)
git.exc.GitCommandError: Cmd('git') failed due to: exit code(128)
  cmdline: git clone -v -- /tmp/mock-repo-b /home/lakshay/Archon AI/data/repositories/mock-repo-b
  stderr: 'fatal: destination path '/home/lakshay/Archon AI/data/repositories/mock-repo-b' already exists and is not an empty directory.
'
2026-06-27 21:43:23 | [20260627_214323] | INFO | clone_repo | Cloning repository from /tmp/mock-repo-a into /home/lakshay/Archon AI/data/repositories/mock-repo-a...
2026-06-27 21:43:23 | [20260627_214323] | INFO | clone_repo | Successfully cloned repository into /home/lakshay/Archon AI/data/repositories/mock-repo-a.
2026-06-27 21:43:24 | [20260627_214324] | INFO | clone_repo | Cloning repository from /tmp/mock-repo-b into /home/lakshay/Archon AI/data/repositories/mock-repo-b...
2026-06-27 21:43:24 | [20260627_214324] | INFO | clone_repo | Successfully cloned repository into /home/lakshay/Archon AI/data/repositories/mock-repo-b.
2026-06-27 21:44:15 | [20260627_214415] | INFO | clone_repo | Directory /home/lakshay/Archon AI/data/repositories/Archon AI already exists. Verifying Git repository status.
2026-06-27 21:44:15 | [20260627_214415] | INFO | clone_repo | Valid Git repository found. Pulling latest changes from URL: /home/lakshay/Archon AI
2026-06-27 21:44:18 | [20260627_214415] | INFO | clone_repo | Successfully pulled latest changes.
2026-06-27 21:44:19 | [20260627_214419] | INFO | clone_repo | Cloning repository from /tmp/mock-repo-a into /home/lakshay/Archon AI/data/repositories/mock-repo-a...
2026-06-27 21:44:19 | [20260627_214419] | INFO | clone_repo | Successfully cloned repository into /home/lakshay/Archon AI/data/repositories/mock-repo-a.
2026-06-27 21:49:51 | [20260627_214951] | INFO | clone_repo | Cloning repository from /tmp/mock-repo-a into /home/lakshay/Archon AI/data/repositories/mock-repo-a...
2026-06-27 21:49:51 | [20260627_214951] | INFO | clone_repo | Successfully cloned repository into /home/lakshay/Archon AI/data/repositories/mock-repo-a.
2026-06-27 21:50:07 | [20260627_215007] | INFO | clone_repo | Cloning repository from /tmp/mock-repo-b into /home/lakshay/Archon AI/data/repositories/mock-repo-b...
2026-06-27 21:50:07 | [20260627_215007] | INFO | clone_repo | Successfully cloned repository into /home/lakshay/Archon AI/data/repositories/mock-repo-b.
2026-06-27 21:50:45 | [20260627_215045] | INFO | clone_repo | Cloning repository from /tmp/mock-repo-a into /home/lakshay/Archon AI/data/repositories/mock-repo-a...
2026-06-27 21:50:45 | [20260627_215045] | INFO | clone_repo | Successfully cloned repository into /home/lakshay/Archon AI/data/repositories/mock-repo-a.
2026-06-27 21:51:16 | [20260627_215116] | INFO | clone_repo | Cloning repository from /tmp/mock-repo-a into /home/lakshay/Archon AI/data/repositories/mock-repo-a...
2026-06-27 21:51:16 | [20260627_215116] | ERROR | clone_repo | Failed to clone repository from /tmp/mock-repo-a: Cmd('git') failed due to: exit code(128)
  cmdline: git clone -v -- /tmp/mock-repo-a /home/lakshay/Archon AI/data/repositories/mock-repo-a
  stderr: 'fatal: repository '/tmp/mock-repo-a' does not exist
'
Traceback (most recent call last):
  File "/home/lakshay/Archon AI/src/ingestion/clone_repo.py", line 104, in clone_repository
    git.Repo.clone_from(repo_url, dest_dir)
    ~~~~~~~~~~~~~~~~~~~^^^^^^^^^^^^^^^^^^^^
  File "/home/lakshay/Archon AI/.venv/lib/python3.14/site-packages/git/repo/base.py", line 1568, in clone_from
    return cls._clone(
           ~~~~~~~~~~^
        git,
        ^^^^
    ...<7 lines>...
        **kwargs,
        ^^^^^^^^^
    )
    ^
  File "/home/lakshay/Archon AI/.venv/lib/python3.14/site-packages/git/repo/base.py", line 1439, in _clone
    finalize_process(proc, stderr=stderr)
    ~~~~~~~~~~~~~~~~^^^^^^^^^^^^^^^^^^^^^
  File "/home/lakshay/Archon AI/.venv/lib/python3.14/site-packages/git/util.py", line 512, in finalize_process
    proc.wait(**kwargs)
    ~~~~~~~~~^^^^^^^^^^
  File "/home/lakshay/Archon AI/.venv/lib/python3.14/site-packages/git/cmd.py", line 423, in wait
    raise GitCommandError(remove_password_if_present(self.args), status, errstr)
git.exc.GitCommandError: Cmd('git') failed due to: exit code(128)
  cmdline: git clone -v -- /tmp/mock-repo-a /home/lakshay/Archon AI/data/repositories/mock-repo-a
  stderr: 'fatal: repository '/tmp/mock-repo-a' does not exist
'
2026-06-27 21:51:29 | [20260627_215129] | INFO | clone_repo | Cloning repository from /tmp/mock-repo-a into /home/lakshay/Archon AI/data/repositories/mock-repo-a...
2026-06-27 21:51:29 | [20260627_215129] | INFO | clone_repo | Successfully cloned repository into /home/lakshay/Archon AI/data/repositories/mock-repo-a.
2026-06-27 21:51:45 | [20260627_215145] | INFO | clone_repo | Cloning repository from /tmp/mock-repo-b into /home/lakshay/Archon AI/data/repositories/mock-repo-b...
2026-06-27 21:51:45 | [20260627_215145] | INFO | clone_repo | Successfully cloned repository into /home/lakshay/Archon AI/data/repositories/mock-repo-b.
2026-06-27 21:52:26 | [20260627_215226] | INFO | clone_repo | Cloning repository from /tmp/mock-repo-a into /home/lakshay/Archon AI/data/repositories/mock-repo-a...
2026-06-27 21:52:26 | [20260627_215226] | INFO | clone_repo | Successfully cloned repository into /home/lakshay/Archon AI/data/repositories/mock-repo-a.
2026-06-27 21:52:39 | [20260627_215239] | INFO | clone_repo | Cloning repository from /tmp/mock-repo-a into /home/lakshay/Archon AI/data/repositories/mock-repo-a...
2026-06-27 21:52:39 | [20260627_215239] | INFO | clone_repo | Successfully cloned repository into /home/lakshay/Archon AI/data/repositories/mock-repo-a.
